{"C:\\Users\\Brodie\\Documents\\futureproof\\api_exercise\\apiThing\\server\\data.js": {"path":"C:\\Users\\Brodie\\Documents\\futureproof\\api_exercise\\apiThing\\server\\data.js","statementMap":{"0":{"start":{"line":1,"column":17},"end":{"line":8,"column":1}},"1":{"start":{"line":10,"column":0},"end":{"line":10,"column":26}}},"fnMap":{},"branchMap":{},"s":{"0":1,"1":1},"f":{},"b":{},"_coverageSchema":"1a1c01bbd47fc00a2c39e90264f33305004495a9","hash":"30a06b8fe88ace14073b4122f40bd0b4ebd98adf"}
,"C:\\Users\\Brodie\\Documents\\futureproof\\api_exercise\\apiThing\\server\\server.js": {"path":"C:\\Users\\Brodie\\Documents\\futureproof\\api_exercise\\apiThing\\server\\server.js","statementMap":{"0":{"start":{"line":1,"column":16},"end":{"line":1,"column":34}},"1":{"start":{"line":2,"column":19},"end":{"line":2,"column":41}},"2":{"start":{"line":3,"column":13},"end":{"line":3,"column":28}},"3":{"start":{"line":6,"column":12},"end":{"line":6,"column":21}},"4":{"start":{"line":7,"column":0},"end":{"line":7,"column":27}},"5":{"start":{"line":8,"column":0},"end":{"line":8,"column":16}},"6":{"start":{"line":10,"column":13},"end":{"line":10,"column":17}},"7":{"start":{"line":12,"column":16},"end":{"line":12,"column":46}},"8":{"start":{"line":13,"column":22},"end":{"line":13,"column":54}},"9":{"start":{"line":14,"column":0},"end":{"line":14,"column":35}},"10":{"start":{"line":15,"column":0},"end":{"line":15,"column":49}},"11":{"start":{"line":17,"column":0},"end":{"line":17,"column":92}},"12":{"start":{"line":17,"column":23},"end":{"line":17,"column":90}},"13":{"start":{"line":19,"column":0},"end":{"line":19,"column":21}}},"fnMap":{"0":{"name":"(anonymous_0)","decl":{"start":{"line":17,"column":17},"end":{"line":17,"column":18}},"loc":{"start":{"line":17,"column":23},"end":{"line":17,"column":90}},"line":17}},"branchMap":{},"s":{"0":1,"1":1,"2":1,"3":1,"4":1,"5":1,"6":1,"7":1,"8":1,"9":1,"10":1,"11":1,"12":0,"13":1},"f":{"0":0},"b":{},"_coverageSchema":"1a1c01bbd47fc00a2c39e90264f33305004495a9","hash":"78083309ee6c20a9cbbf6661f55fb06e2fb53ba1"}
,"C:\\Users\\Brodie\\Documents\\futureproof\\api_exercise\\apiThing\\server\\controllers\\sausage.js": {"path":"C:\\Users\\Brodie\\Documents\\futureproof\\api_exercise\\apiThing\\server\\controllers\\sausage.js","statementMap":{"0":{"start":{"line":1,"column":16},"end":{"line":1,"column":34}},"1":{"start":{"line":2,"column":15},"end":{"line":2,"column":31}},"2":{"start":{"line":4,"column":16},"end":{"line":4,"column":44}},"3":{"start":{"line":6,"column":0},"end":{"line":9,"column":3}},"4":{"start":{"line":7,"column":25},"end":{"line":7,"column":36}},"5":{"start":{"line":8,"column":4},"end":{"line":8,"column":27}},"6":{"start":{"line":18,"column":0},"end":{"line":21,"column":2}},"7":{"start":{"line":19,"column":25},"end":{"line":19,"column":36}},"8":{"start":{"line":20,"column":4},"end":{"line":20,"column":82}},"9":{"start":{"line":20,"column":52},"end":{"line":20,"column":73}},"10":{"start":{"line":34,"column":0},"end":{"line":40,"column":2}},"11":{"start":{"line":35,"column":25},"end":{"line":35,"column":36}},"12":{"start":{"line":37,"column":4},"end":{"line":37,"column":85}},"13":{"start":{"line":37,"column":52},"end":{"line":37,"column":81}},"14":{"start":{"line":38,"column":4},"end":{"line":38,"column":29}},"15":{"start":{"line":39,"column":4},"end":{"line":39,"column":27}},"16":{"start":{"line":63,"column":0},"end":{"line":68,"column":4}},"17":{"start":{"line":64,"column":17},"end":{"line":64,"column":25}},"18":{"start":{"line":65,"column":32},"end":{"line":65,"column":52}},"19":{"start":{"line":66,"column":4},"end":{"line":68,"column":2}},"20":{"start":{"line":71,"column":0},"end":{"line":71,"column":24}}},"fnMap":{"0":{"name":"(anonymous_0)","decl":{"start":{"line":6,"column":16},"end":{"line":6,"column":17}},"loc":{"start":{"line":6,"column":30},"end":{"line":9,"column":1}},"line":6},"1":{"name":"(anonymous_1)","decl":{"start":{"line":18,"column":28},"end":{"line":18,"column":29}},"loc":{"start":{"line":18,"column":41},"end":{"line":21,"column":1}},"line":18},"2":{"name":"(anonymous_2)","decl":{"start":{"line":20,"column":49},"end":{"line":20,"column":50}},"loc":{"start":{"line":20,"column":52},"end":{"line":20,"column":73}},"line":20},"3":{"name":"(anonymous_3)","decl":{"start":{"line":34,"column":20},"end":{"line":34,"column":21}},"loc":{"start":{"line":34,"column":33},"end":{"line":40,"column":1}},"line":34},"4":{"name":"(anonymous_4)","decl":{"start":{"line":37,"column":49},"end":{"line":37,"column":50}},"loc":{"start":{"line":37,"column":52},"end":{"line":37,"column":81}},"line":37},"5":{"name":"(anonymous_5)","decl":{"start":{"line":63,"column":17},"end":{"line":63,"column":18}},"loc":{"start":{"line":63,"column":30},"end":{"line":68,"column":3}},"line":63}},"branchMap":{},"s":{"0":1,"1":1,"2":1,"3":1,"4":1,"5":1,"6":1,"7":2,"8":2,"9":2,"10":1,"11":2,"12":2,"13":8,"14":2,"15":2,"16":1,"17":0,"18":0,"19":0,"20":1},"f":{"0":1,"1":2,"2":2,"3":2,"4":8,"5":0},"b":{},"_coverageSchema":"1a1c01bbd47fc00a2c39e90264f33305004495a9","hash":"0a5747aeff2a4129d8a41a07e491aef3d1f515fc"}
,"C:\\Users\\Brodie\\Documents\\futureproof\\api_exercise\\apiThing\\server\\models\\sausage.js": {"path":"C:\\Users\\Brodie\\Documents\\futureproof\\api_exercise\\apiThing\\server\\models\\sausage.js","statementMap":{"0":{"start":{"line":1,"column":20},"end":{"line":1,"column":38}},"1":{"start":{"line":5,"column":8},"end":{"line":5,"column":26}},"2":{"start":{"line":6,"column":8},"end":{"line":6,"column":30}},"3":{"start":{"line":7,"column":8},"end":{"line":7,"column":48}},"4":{"start":{"line":8,"column":8},"end":{"line":8,"column":40}},"5":{"start":{"line":9,"column":8},"end":{"line":9,"column":40}},"6":{"start":{"line":10,"column":8},"end":{"line":10,"column":48}},"7":{"start":{"line":11,"column":8},"end":{"line":11,"column":34}},"8":{"start":{"line":14,"column":25},"end":{"line":14,"column":63}},"9":{"start":{"line":14,"column":48},"end":{"line":14,"column":62}},"10":{"start":{"line":15,"column":8},"end":{"line":15,"column":24}},"11":{"start":{"line":19,"column":29},"end":{"line":19,"column":52}},"12":{"start":{"line":20,"column":27},"end":{"line":20,"column":70}},"13":{"start":{"line":21,"column":8},"end":{"line":21,"column":38}},"14":{"start":{"line":22,"column":8},"end":{"line":22,"column":26}},"15":{"start":{"line":26,"column":0},"end":{"line":26,"column":25}}},"fnMap":{"0":{"name":"(anonymous_0)","decl":{"start":{"line":4,"column":4},"end":{"line":4,"column":5}},"loc":{"start":{"line":4,"column":22},"end":{"line":12,"column":5}},"line":4},"1":{"name":"(anonymous_1)","decl":{"start":{"line":13,"column":4},"end":{"line":13,"column":5}},"loc":{"start":{"line":13,"column":21},"end":{"line":16,"column":5}},"line":13},"2":{"name":"(anonymous_2)","decl":{"start":{"line":14,"column":42},"end":{"line":14,"column":43}},"loc":{"start":{"line":14,"column":48},"end":{"line":14,"column":62}},"line":14},"3":{"name":"(anonymous_3)","decl":{"start":{"line":18,"column":4},"end":{"line":18,"column":5}},"loc":{"start":{"line":18,"column":27},"end":{"line":23,"column":5}},"line":18}},"branchMap":{},"s":{"0":1,"1":31,"2":31,"3":31,"4":31,"5":31,"6":31,"7":31,"8":6,"9":30,"10":6,"11":1,"12":1,"13":1,"14":1,"15":1},"f":{"0":31,"1":6,"2":30,"3":1},"b":{},"_coverageSchema":"1a1c01bbd47fc00a2c39e90264f33305004495a9","hash":"3930630b361d9a212072e3a5079e0cf9f4b6e54a"}
}
